<?xml version="1.0" encoding="UTF-8"?>
<!-- Generated by org.testng.reporters.JUnitReportReporter -->
<testsuite hostname="DESKTOP-B64PC49" failures="0" tests="1" name="ddt.ddt_3" time="25.058" errors="0" timestamp="2025-09-03T08:59:41 IST" skipped="0">
  <testcase classname="ddt.ddt_3" name="test1" time="25.058"/>
</testsuite> <!-- ddt.ddt_3 -->
