<?xml version="1.0" encoding="UTF-8"?>
<!-- Generated by org.testng.reporters.JUnitReportReporter -->
<testsuite hostname="DESKTOP-B64PC49" failures="0" tests="1" name="com.vendget.testcases.TC_loginTest_001" time="15.336" errors="0" timestamp="2025-09-10T10:56:48 IST" skipped="0">
  <testcase classname="com.vendget.testcases.TC_loginTest_001" name="loginTest" time="15.336"/>
</testsuite> <!-- com.vendget.testcases.TC_loginTest_001 -->
