<?xml version="1.0" encoding="UTF-8"?>
<!-- Generated by org.testng.reporters.JUnitReportReporter -->
<testsuite hostname="DESKTOP-B64PC49" failures="0" tests="1" name="ddt.ddt_2" time="2.121" errors="0" timestamp="2025-09-03T08:24:41 IST" skipped="0">
  <testcase classname="ddt.ddt_2" name="test1" time="2.121"/>
</testsuite> <!-- ddt.ddt_2 -->
