<?xml version="1.0" encoding="UTF-8"?>
<!-- Generated by org.testng.reporters.JUnitReportReporter -->
<testsuite hostname="DESKTOP-B64PC49" failures="0" tests="1" name="demo.demo_5" time="2.483" errors="0" timestamp="2025-09-05T11:46:41 IST" skipped="0">
  <testcase classname="demo.demo_5" name="test3" time="2.483"/>
</testsuite> <!-- demo.demo_5 -->
