<?xml version="1.0" encoding="UTF-8"?>
<!-- Generated by org.testng.reporters.JUnitReportReporter -->
<testsuite hostname="DESKTOP-B64PC49" failures="0" tests="1" name="ddt.ddt_4" time="1.954" errors="0" timestamp="2025-09-03T09:22:46 IST" skipped="0">
  <testcase classname="ddt.ddt_4" name="test1" time="1.954"/>
</testsuite> <!-- ddt.ddt_4 -->
