<?xml version="1.0" encoding="UTF-8"?>
<!-- Generated by org.testng.reporters.JUnitReportReporter -->
<testsuite hostname="DESKTOP-B64PC49" failures="0" tests="2" name="demo.demo_1" time="7.767" errors="0" timestamp="2025-08-07T02:29:13 IST" skipped="0">
  <testcase classname="demo.demo_1" name="test1" time="3.960"/>
  <testcase classname="demo.demo_1" name="test2" time="3.807"/>
</testsuite> <!-- demo.demo_1 -->
