<?xml version="1.0" encoding="UTF-8"?>
<!-- Generated by org.testng.reporters.JUnitReportReporter -->
<testsuite hostname="DESKTOP-B64PC49" failures="0" tests="2" name="demo.demo_1" time="4.366" errors="0" timestamp="2025-08-07T03:15:52 IST" skipped="0">
  <testcase classname="demo.demo_1" name="test2" time="2.592"/>
  <testcase classname="demo.demo_1" name="test1" time="1.774"/>
</testsuite> <!-- demo.demo_1 -->
