<?xml version="1.0" encoding="UTF-8"?>
<!-- Generated by org.testng.reporters.JUnitReportReporter -->
<testsuite hostname="DESKTOP-B64PC49" failures="0" tests="1" name="demo.demo_2" time="2.363" errors="0" timestamp="2025-08-07T03:15:52 IST" skipped="0">
  <testcase classname="demo.demo_2" name="test3" time="2.363"/>
</testsuite> <!-- demo.demo_2 -->
