<?xml version="1.0" encoding="UTF-8"?>
<!-- Generated by org.testng.reporters.JUnitReportReporter -->
<testsuite hostname="DESKTOP-B64PC49" failures="0" tests="1" name="demo.demo_2" time="4.235" errors="0" timestamp="2025-09-05T17:57:59 IST" skipped="0">
  <testcase classname="demo.demo_2" name="test3" time="4.235"/>
</testsuite> <!-- demo.demo_2 -->
