<?xml version="1.0" encoding="UTF-8"?>
<!-- Generated by org.testng.reporters.JUnitReportReporter -->
<testsuite hostname="DESKTOP-B64PC49" failures="0" tests="2" name="demo.demo_1" time="8.142" errors="0" timestamp="2025-09-05T17:57:59 IST" skipped="0">
  <testcase classname="demo.demo_1" name="test1" time="3.741"/>
  <testcase classname="demo.demo_1" name="test2" time="4.401"/>
</testsuite> <!-- demo.demo_1 -->
